17:38:20.285 [main] DEBUG org.apache.poi.ooxml.POIXMLFactory - using default POIXMLDocumentPart for http://schemas.openxmlformats.org/officeDocument/2006/relationships/printerSettings
17:38:20.300 [main] DEBUG org.apache.poi.openxml4j.opc.PackageRelationshipCollection - Parsing relationship: /xl/_rels/workbook.xml.rels
17:38:20.300 [main] DEBUG org.apache.poi.openxml4j.opc.PackageRelationshipCollection - Parsing relationship: /xl/worksheets/_rels/sheet1.xml.rels
17:38:20.300 [main] DEBUG org.apache.poi.openxml4j.opc.PackageRelationshipCollection - Parsing relationship: /_rels/.rels
17:38:20.316 [main] DEBUG org.apache.poi.ooxml.POIXMLFactory - using default POIXMLDocumentPart for http://schemas.openxmlformats.org/officeDocument/2006/relationships/printerSettings
17:38:20.332 [main] DEBUG org.apache.poi.openxml4j.opc.PackageRelationshipCollection - Parsing relationship: /xl/_rels/workbook.xml.rels
17:38:20.332 [main] DEBUG org.apache.poi.openxml4j.opc.PackageRelationshipCollection - Parsing relationship: /xl/worksheets/_rels/sheet1.xml.rels
17:38:20.332 [main] DEBUG org.apache.poi.openxml4j.opc.PackageRelationshipCollection - Parsing relationship: /_rels/.rels
17:38:20.332 [main] DEBUG org.apache.poi.ooxml.POIXMLFactory - using default POIXMLDocumentPart for http://schemas.openxmlformats.org/officeDocument/2006/relationships/printerSettings
17:38:20.347 [main] DEBUG org.apache.poi.openxml4j.opc.PackageRelationshipCollection - Parsing relationship: /xl/_rels/workbook.xml.rels
17:38:20.347 [main] DEBUG org.apache.poi.openxml4j.opc.PackageRelationshipCollection - Parsing relationship: /xl/worksheets/_rels/sheet1.xml.rels
17:38:20.347 [main] DEBUG org.apache.poi.openxml4j.opc.PackageRelationshipCollection - Parsing relationship: /_rels/.rels
17:38:20.363 [main] DEBUG org.apache.poi.ooxml.POIXMLFactory - using default POIXMLDocumentPart for http://schemas.openxmlformats.org/officeDocument/2006/relationships/printerSettings
17:38:20.378 [main] DEBUG org.apache.poi.openxml4j.opc.PackageRelationshipCollection - Parsing relationship: /xl/_rels/workbook.xml.rels
17:38:20.378 [main] DEBUG org.apache.poi.openxml4j.opc.PackageRelationshipCollection - Parsing relationship: /xl/worksheets/_rels/sheet1.xml.rels
17:38:20.378 [main] DEBUG org.apache.poi.openxml4j.opc.PackageRelationshipCollection - Parsing relationship: /_rels/.rels
17:38:20.378 [main] DEBUG org.apache.poi.ooxml.POIXMLFactory - using default POIXMLDocumentPart for http://schemas.openxmlformats.org/officeDocument/2006/relationships/printerSettings
17:38:20.410 [main] INFO  testCases.TC001_LoginTest - **** Starting TC003 LoginDDT started  ****
17:38:20.425 [main] INFO  testCases.TC001_LoginTest - **** Starting TC003 Pop-up handled  ****
17:38:23.455 [main] INFO  testCases.TC001_LoginTest - **** Starting TC003 clearing the field  ****
17:38:23.726 [main] INFO  testCases.TC001_LoginTest - **** Starting TC003 email is entering  ****
17:38:24.065 [main] INFO  testCases.TC001_LoginTest - **** Starting TC003 password is entering  ****
17:38:24.418 [main] INFO  testCases.TC001_LoginTest - **** Starting TC003 Login is done  ****
17:38:24.418 [main] INFO  testCases.TC001_LoginTest - **** Starting TC003 Pop is handeling  ****
17:38:29.853 [main] INFO  testCases.TC001_LoginTest - **** Starting TC003 LoginDDT started  ****
17:38:29.854 [main] INFO  testCases.TC001_LoginTest - **** Starting TC003 Pop-up handled  ****
17:38:32.858 [main] INFO  testCases.TC001_LoginTest - **** Starting TC003 clearing the field  ****
17:38:33.049 [main] INFO  testCases.TC001_LoginTest - **** Starting TC003 email is entering  ****
17:38:33.286 [main] INFO  testCases.TC001_LoginTest - **** Starting TC003 password is entering  ****
17:38:33.611 [main] INFO  testCases.TC001_LoginTest - **** Starting TC003 Login is done  ****
17:38:33.611 [main] INFO  testCases.TC001_LoginTest - **** Starting TC003 Pop is handeling  ****
17:38:33.813 [main] INFO  testCases.TC001_LoginTest - **** Starting TC003 LoginDDT started  ****
17:38:33.814 [main] INFO  testCases.TC001_LoginTest - **** Starting TC003 Pop-up handled  ****
17:38:36.847 [main] INFO  testCases.TC001_LoginTest - **** Starting TC003 clearing the field  ****
17:38:37.061 [main] INFO  testCases.TC001_LoginTest - **** Starting TC003 email is entering  ****
17:38:37.310 [main] INFO  testCases.TC001_LoginTest - **** Starting TC003 password is entering  ****
17:38:37.599 [main] INFO  testCases.TC001_LoginTest - **** Starting TC003 Login is done  ****
17:38:37.599 [main] INFO  testCases.TC001_LoginTest - **** Starting TC003 Pop is handeling  ****
17:38:37.800 [main] INFO  testCases.TC001_LoginTest - **** Starting TC003 LoginDDT started  ****
17:38:37.800 [main] INFO  testCases.TC001_LoginTest - **** Starting TC003 Pop-up handled  ****
17:38:40.808 [main] INFO  testCases.TC001_LoginTest - **** Starting TC003 clearing the field  ****
17:38:40.940 [main] INFO  testCases.TC001_LoginTest - **** Starting TC003 LoginDDT started  ****
